{"/Users/vishwajeet.yadav/code/tourism/src/components/button/TappableButton.tsx": {"path":"/Users/vishwajeet.yadav/code/tourism/src/components/button/TappableButton.tsx","statementMap":{"0":{"start":{"line":9,"column":15},"end":{"line":34,"column":2}},"1":{"start":{"line":36,"column":23},"end":{"line":43,"column":1}},"2":{"start":{"line":37,"column":33},"end":{"line":37,"column":38}},"3":{"start":{"line":38,"column":2},"end":{"line":42,"column":2}}},"fnMap":{"0":{"name":"(anonymous_0)","decl":{"start":{"line":36,"column":23},"end":{"line":36,"column":24}},"loc":{"start":{"line":36,"column":41},"end":{"line":43,"column":1}},"line":36}},"branchMap":{},"s":{"0":0,"1":0,"2":0,"3":0},"f":{"0":0},"b":{}}
,"/Users/vishwajeet.yadav/code/tourism/src/components/categoryItem/CategoryItem.tsx": {"path":"/Users/vishwajeet.yadav/code/tourism/src/components/categoryItem/CategoryItem.tsx","statementMap":{"0":{"start":{"line":12,"column":21},"end":{"line":22,"column":1}},"1":{"start":{"line":13,"column":34},"end":{"line":13,"column":39}},"2":{"start":{"line":14,"column":2},"end":{"line":21,"column":4}}},"fnMap":{"0":{"name":"(anonymous_0)","decl":{"start":{"line":12,"column":21},"end":{"line":12,"column":22}},"loc":{"start":{"line":12,"column":39},"end":{"line":22,"column":1}},"line":12}},"branchMap":{},"s":{"0":0,"1":0,"2":0},"f":{"0":0},"b":{}}
,"/Users/vishwajeet.yadav/code/tourism/src/components/categoryItem/CategoryItemStyles.ts": {"path":"/Users/vishwajeet.yadav/code/tourism/src/components/categoryItem/CategoryItemStyles.ts","statementMap":{},"fnMap":{},"branchMap":{},"s":{},"f":{},"b":{}}
,"/Users/vishwajeet.yadav/code/tourism/src/components/highlightCard/HighlightCard.tsx": {"path":"/Users/vishwajeet.yadav/code/tourism/src/components/highlightCard/HighlightCard.tsx","statementMap":{"0":{"start":{"line":13,"column":22},"end":{"line":27,"column":1}},"1":{"start":{"line":14,"column":56},"end":{"line":14,"column":61}},"2":{"start":{"line":15,"column":2},"end":{"line":26,"column":4}}},"fnMap":{"0":{"name":"(anonymous_0)","decl":{"start":{"line":13,"column":22},"end":{"line":13,"column":23}},"loc":{"start":{"line":13,"column":40},"end":{"line":27,"column":1}},"line":13}},"branchMap":{},"s":{"0":0,"1":0,"2":0},"f":{"0":0},"b":{}}
,"/Users/vishwajeet.yadav/code/tourism/src/components/highlightCard/HighlightCardStyle.ts": {"path":"/Users/vishwajeet.yadav/code/tourism/src/components/highlightCard/HighlightCardStyle.ts","statementMap":{"0":{"start":{"line":3,"column":20},"end":{"line":3,"column":50}}},"fnMap":{},"branchMap":{},"s":{"0":0},"f":{},"b":{}}
,"/Users/vishwajeet.yadav/code/tourism/src/components/infoCard/InfoCard.tsx": {"path":"/Users/vishwajeet.yadav/code/tourism/src/components/infoCard/InfoCard.tsx","statementMap":{"0":{"start":{"line":11,"column":17},"end":{"line":20,"column":1}},"1":{"start":{"line":12,"column":36},"end":{"line":12,"column":41}},"2":{"start":{"line":13,"column":2},"end":{"line":19,"column":4}}},"fnMap":{"0":{"name":"(anonymous_0)","decl":{"start":{"line":11,"column":17},"end":{"line":11,"column":18}},"loc":{"start":{"line":11,"column":35},"end":{"line":20,"column":1}},"line":11}},"branchMap":{},"s":{"0":1,"1":1,"2":1},"f":{"0":1},"b":{},"_coverageSchema":"1a1c01bbd47fc00a2c39e90264f33305004495a9","hash":"74514ff8e99a2fd3143e7b26343535fd887ce875"}
,"/Users/vishwajeet.yadav/code/tourism/src/components/infoCard/InfoCardStyles.ts": {"path":"/Users/vishwajeet.yadav/code/tourism/src/components/infoCard/InfoCardStyles.ts","statementMap":{},"fnMap":{},"branchMap":{},"s":{},"f":{},"b":{},"_coverageSchema":"1a1c01bbd47fc00a2c39e90264f33305004495a9","hash":"13998e5709e1faa7a2ec37f7a1fd2ec344f1a684"}
,"/Users/vishwajeet.yadav/code/tourism/src/components/spinner/Spinner.tsx": {"path":"/Users/vishwajeet.yadav/code/tourism/src/components/spinner/Spinner.tsx","statementMap":{"0":{"start":{"line":23,"column":16},"end":{"line":78,"column":1}},"1":{"start":{"line":37,"column":6},"end":{"line":37,"column":11}},"2":{"start":{"line":39,"column":30},"end":{"line":39,"column":44}},"3":{"start":{"line":47,"column":6},"end":{"line":47,"column":12}},"4":{"start":{"line":49,"column":20},"end":{"line":67,"column":3}},"5":{"start":{"line":50,"column":4},"end":{"line":66,"column":7}},"6":{"start":{"line":69,"column":2},"end":{"line":71,"column":3}},"7":{"start":{"line":70,"column":4},"end":{"line":70,"column":78}},"8":{"start":{"line":73,"column":2},"end":{"line":77,"column":4}}},"fnMap":{"0":{"name":"(anonymous_0)","decl":{"start":{"line":23,"column":16},"end":{"line":23,"column":17}},"loc":{"start":{"line":23,"column":34},"end":{"line":78,"column":1}},"line":23},"1":{"name":"(anonymous_1)","decl":{"start":{"line":30,"column":16},"end":{"line":30,"column":17}},"loc":{"start":{"line":30,"column":22},"end":{"line":30,"column":24}},"line":30},"2":{"name":"(anonymous_2)","decl":{"start":{"line":49,"column":20},"end":{"line":49,"column":21}},"loc":{"start":{"line":50,"column":4},"end":{"line":66,"column":7}},"line":50}},"branchMap":{"0":{"loc":{"start":{"line":25,"column":4},"end":{"line":25,"column":27}},"type":"default-arg","locations":[{"start":{"line":25,"column":23},"end":{"line":25,"column":27}}],"line":25},"1":{"loc":{"start":{"line":26,"column":4},"end":{"line":26,"column":21}},"type":"default-arg","locations":[{"start":{"line":26,"column":16},"end":{"line":26,"column":21}}],"line":26},"2":{"loc":{"start":{"line":27,"column":4},"end":{"line":27,"column":18}},"type":"default-arg","locations":[{"start":{"line":27,"column":13},"end":{"line":27,"column":18}}],"line":27},"3":{"loc":{"start":{"line":28,"column":4},"end":{"line":28,"column":21}},"type":"default-arg","locations":[{"start":{"line":28,"column":16},"end":{"line":28,"column":21}}],"line":28},"4":{"loc":{"start":{"line":29,"column":4},"end":{"line":29,"column":31}},"type":"default-arg","locations":[{"start":{"line":29,"column":27},"end":{"line":29,"column":31}}],"line":29},"5":{"loc":{"start":{"line":30,"column":4},"end":{"line":30,"column":24}},"type":"default-arg","locations":[{"start":{"line":30,"column":16},"end":{"line":30,"column":24}}],"line":30},"6":{"loc":{"start":{"line":33,"column":4},"end":{"line":33,"column":21}},"type":"default-arg","locations":[{"start":{"line":33,"column":12},"end":{"line":33,"column":21}}],"line":33},"7":{"loc":{"start":{"line":35,"column":4},"end":{"line":35,"column":18}},"type":"default-arg","locations":[{"start":{"line":35,"column":11},"end":{"line":35,"column":18}}],"line":35},"8":{"loc":{"start":{"line":56,"column":15},"end":{"line":56,"column":58}},"type":"binary-expr","locations":[{"start":{"line":56,"column":15},"end":{"line":56,"column":20}},{"start":{"line":56,"column":24},"end":{"line":56,"column":58}}],"line":56},"9":{"loc":{"start":{"line":58,"column":7},"end":{"line":62,"column":7}},"type":"binary-expr","locations":[{"start":{"line":58,"column":7},"end":{"line":58,"column":19}},{"start":{"line":59,"column":8},"end":{"line":61,"column":15}}],"line":58},"10":{"loc":{"start":{"line":69,"column":2},"end":{"line":71,"column":3}},"type":"if","locations":[{"start":{"line":69,"column":2},"end":{"line":71,"column":3}},{"start":{},"end":{}}],"line":69},"11":{"loc":{"start":{"line":69,"column":6},"end":{"line":69,"column":25}},"type":"binary-expr","locations":[{"start":{"line":69,"column":6},"end":{"line":69,"column":12}},{"start":{"line":69,"column":16},"end":{"line":69,"column":25}}],"line":69},"12":{"loc":{"start":{"line":74,"column":54},"end":{"line":74,"column":101}},"type":"binary-expr","locations":[{"start":{"line":74,"column":54},"end":{"line":74,"column":63}},{"start":{"line":74,"column":68},"end":{"line":74,"column":77}},{"start":{"line":74,"column":81},"end":{"line":74,"column":100}}],"line":74},"13":{"loc":{"start":{"line":75,"column":49},"end":{"line":75,"column":91}},"type":"cond-expr","locations":[{"start":{"line":75,"column":72},"end":{"line":75,"column":83}},{"start":{"line":75,"column":86},"end":{"line":75,"column":91}}],"line":75}},"s":{"0":1,"1":2,"2":2,"3":2,"4":2,"5":2,"6":2,"7":0,"8":2},"f":{"0":2,"1":0,"2":2},"b":{"0":[2],"1":[0],"2":[2],"3":[2],"4":[2],"5":[2],"6":[2],"7":[2],"8":[2,1],"9":[2,2],"10":[0,2],"11":[2,0],"12":[2,2,2],"13":[2,0]},"_coverageSchema":"1a1c01bbd47fc00a2c39e90264f33305004495a9","hash":"f22940bb3ef1526661d0d28f04784ce263d7cd22"}
,"/Users/vishwajeet.yadav/code/tourism/src/components/spinner/SpinnerStyle.ts": {"path":"/Users/vishwajeet.yadav/code/tourism/src/components/spinner/SpinnerStyle.ts","statementMap":{},"fnMap":{},"branchMap":{},"s":{},"f":{},"b":{},"_coverageSchema":"1a1c01bbd47fc00a2c39e90264f33305004495a9","hash":"c72631f851364284469a04d2d5e1c7c2eb8964ba"}
,"/Users/vishwajeet.yadav/code/tourism/src/components/travelGuide/TravelGuideCard.tsx": {"path":"/Users/vishwajeet.yadav/code/tourism/src/components/travelGuide/TravelGuideCard.tsx","statementMap":{"0":{"start":{"line":12,"column":24},"end":{"line":28,"column":1}},"1":{"start":{"line":13,"column":46},"end":{"line":13,"column":51}},"2":{"start":{"line":14,"column":2},"end":{"line":27,"column":4}}},"fnMap":{"0":{"name":"(anonymous_0)","decl":{"start":{"line":12,"column":24},"end":{"line":12,"column":25}},"loc":{"start":{"line":12,"column":42},"end":{"line":28,"column":1}},"line":12}},"branchMap":{},"s":{"0":0,"1":0,"2":0},"f":{"0":0},"b":{}}
,"/Users/vishwajeet.yadav/code/tourism/src/components/travelGuide/TravelGuideCardStyles.ts": {"path":"/Users/vishwajeet.yadav/code/tourism/src/components/travelGuide/TravelGuideCardStyles.ts","statementMap":{},"fnMap":{},"branchMap":{},"s":{},"f":{},"b":{}}
,"/Users/vishwajeet.yadav/code/tourism/src/features/activity/ActivityView.tsx": {"path":"/Users/vishwajeet.yadav/code/tourism/src/features/activity/ActivityView.tsx","statementMap":{"0":{"start":{"line":17,"column":21},"end":{"line":68,"column":1}},"1":{"start":{"line":18,"column":18},"end":{"line":18,"column":39}},"2":{"start":{"line":19,"column":19},"end":{"line":19,"column":35}},"3":{"start":{"line":23,"column":6},"end":{"line":23,"column":58}},"4":{"start":{"line":23,"column":43},"end":{"line":23,"column":57}},"5":{"start":{"line":25,"column":2},"end":{"line":30,"column":9}},"6":{"start":{"line":26,"column":4},"end":{"line":26,"column":50}},"7":{"start":{"line":27,"column":4},"end":{"line":29,"column":5}},"8":{"start":{"line":28,"column":6},"end":{"line":28,"column":32}},"9":{"start":{"line":32,"column":26},"end":{"line":34,"column":3}},"10":{"start":{"line":33,"column":4},"end":{"line":33,"column":35}},"11":{"start":{"line":36,"column":2},"end":{"line":67,"column":4}},"12":{"start":{"line":54,"column":14},"end":{"line":56,"column":15}},"13":{"start":{"line":55,"column":86},"end":{"line":55,"column":112}}},"fnMap":{"0":{"name":"(anonymous_0)","decl":{"start":{"line":17,"column":21},"end":{"line":17,"column":22}},"loc":{"start":{"line":17,"column":48},"end":{"line":68,"column":1}},"line":17},"1":{"name":"(anonymous_1)","decl":{"start":{"line":23,"column":21},"end":{"line":23,"column":22}},"loc":{"start":{"line":23,"column":43},"end":{"line":23,"column":57}},"line":23},"2":{"name":"(anonymous_2)","decl":{"start":{"line":25,"column":12},"end":{"line":25,"column":13}},"loc":{"start":{"line":25,"column":18},"end":{"line":30,"column":3}},"line":25},"3":{"name":"(anonymous_3)","decl":{"start":{"line":27,"column":11},"end":{"line":27,"column":12}},"loc":{"start":{"line":27,"column":17},"end":{"line":29,"column":5}},"line":27},"4":{"name":"(anonymous_4)","decl":{"start":{"line":32,"column":26},"end":{"line":32,"column":27}},"loc":{"start":{"line":32,"column":36},"end":{"line":34,"column":3}},"line":32},"5":{"name":"(anonymous_5)","decl":{"start":{"line":53,"column":57},"end":{"line":53,"column":58}},"loc":{"start":{"line":53,"column":67},"end":{"line":57,"column":13}},"line":53},"6":{"name":"(anonymous_6)","decl":{"start":{"line":55,"column":80},"end":{"line":55,"column":81}},"loc":{"start":{"line":55,"column":86},"end":{"line":55,"column":112}},"line":55},"7":{"name":"(anonymous_7)","decl":{"start":{"line":60,"column":93},"end":{"line":60,"column":94}},"loc":{"start":{"line":60,"column":99},"end":{"line":60,"column":101}},"line":60},"8":{"name":"(anonymous_8)","decl":{"start":{"line":64,"column":59},"end":{"line":64,"column":60}},"loc":{"start":{"line":64,"column":65},"end":{"line":64,"column":67}},"line":64}},"branchMap":{"0":{"loc":{"start":{"line":39,"column":9},"end":{"line":59,"column":9}},"type":"cond-expr","locations":[{"start":{"line":40,"column":10},"end":{"line":45,"column":17}},{"start":{"line":47,"column":10},"end":{"line":58,"column":13}}],"line":39},"1":{"loc":{"start":{"line":43,"column":23},"end":{"line":43,"column":79}},"type":"cond-expr","locations":[{"start":{"line":43,"column":35},"end":{"line":43,"column":57}},{"start":{"line":43,"column":59},"end":{"line":43,"column":79}}],"line":43},"2":{"loc":{"start":{"line":48,"column":43},"end":{"line":48,"column":85}},"type":"binary-expr","locations":[{"start":{"line":48,"column":43},"end":{"line":48,"column":77}},{"start":{"line":48,"column":81},"end":{"line":48,"column":85}}],"line":48}},"s":{"0":0,"1":0,"2":0,"3":0,"4":0,"5":0,"6":0,"7":0,"8":0,"9":0,"10":0,"11":0,"12":0,"13":0},"f":{"0":0,"1":0,"2":0,"3":0,"4":0,"5":0,"6":0,"7":0,"8":0},"b":{"0":[0,0],"1":[0,0],"2":[0,0]}}
,"/Users/vishwajeet.yadav/code/tourism/src/features/activity/ActivityViewStyles.ts": {"path":"/Users/vishwajeet.yadav/code/tourism/src/features/activity/ActivityViewStyles.ts","statementMap":{},"fnMap":{},"branchMap":{},"s":{},"f":{},"b":{}}
,"/Users/vishwajeet.yadav/code/tourism/src/features/activity/module/Activity.ts": {"path":"/Users/vishwajeet.yadav/code/tourism/src/features/activity/module/Activity.ts","statementMap":{"0":{"start":{"line":26,"column":30},"end":{"line":31,"column":1}},"1":{"start":{"line":33,"column":46},"end":{"line":41,"column":1}},"2":{"start":{"line":43,"column":35},"end":{"line":46,"column":2}},"3":{"start":{"line":44,"column":19},"end":{"line":44,"column":66}},"4":{"start":{"line":45,"column":2},"end":{"line":45,"column":24}},"5":{"start":{"line":48,"column":29},"end":{"line":81,"column":2}},"6":{"start":{"line":53,"column":6},"end":{"line":57,"column":8}},"7":{"start":{"line":58,"column":6},"end":{"line":58,"column":28}},"8":{"start":{"line":59,"column":6},"end":{"line":59,"column":30}},"9":{"start":{"line":63,"column":4},"end":{"line":71,"column":6}},"10":{"start":{"line":66,"column":31},"end":{"line":66,"column":70}},"11":{"start":{"line":67,"column":8},"end":{"line":67,"column":59}},"12":{"start":{"line":68,"column":8},"end":{"line":68,"column":30}},"13":{"start":{"line":69,"column":8},"end":{"line":69,"column":32}},"14":{"start":{"line":72,"column":4},"end":{"line":75,"column":7}},"15":{"start":{"line":73,"column":6},"end":{"line":73,"column":27}},"16":{"start":{"line":74,"column":6},"end":{"line":74,"column":30}},"17":{"start":{"line":76,"column":4},"end":{"line":79,"column":7}},"18":{"start":{"line":77,"column":6},"end":{"line":77,"column":28}},"19":{"start":{"line":78,"column":6},"end":{"line":78,"column":29}},"20":{"start":{"line":83,"column":31},"end":{"line":83,"column":52}}},"fnMap":{"0":{"name":"(anonymous_0)","decl":{"start":{"line":43,"column":72},"end":{"line":43,"column":73}},"loc":{"start":{"line":43,"column":122},"end":{"line":46,"column":1}},"line":43},"1":{"name":"(anonymous_1)","decl":{"start":{"line":52,"column":19},"end":{"line":52,"column":20}},"loc":{"start":{"line":52,"column":48},"end":{"line":60,"column":5}},"line":52},"2":{"name":"(anonymous_2)","decl":{"start":{"line":62,"column":17},"end":{"line":62,"column":18}},"loc":{"start":{"line":62,"column":28},"end":{"line":80,"column":3}},"line":62},"3":{"name":"(anonymous_3)","decl":{"start":{"line":65,"column":6},"end":{"line":65,"column":7}},"loc":{"start":{"line":65,"column":110},"end":{"line":70,"column":7}},"line":65},"4":{"name":"(anonymous_4)","decl":{"start":{"line":72,"column":49},"end":{"line":72,"column":50}},"loc":{"start":{"line":72,"column":78},"end":{"line":75,"column":5}},"line":72},"5":{"name":"(anonymous_5)","decl":{"start":{"line":76,"column":50},"end":{"line":76,"column":51}},"loc":{"start":{"line":76,"column":79},"end":{"line":79,"column":5}},"line":76}},"branchMap":{"0":{"loc":{"start":{"line":66,"column":31},"end":{"line":66,"column":70}},"type":"binary-expr","locations":[{"start":{"line":66,"column":31},"end":{"line":66,"column":48}},{"start":{"line":66,"column":52},"end":{"line":66,"column":70}}],"line":66}},"s":{"0":0,"1":0,"2":0,"3":0,"4":0,"5":0,"6":0,"7":0,"8":0,"9":0,"10":0,"11":0,"12":0,"13":0,"14":0,"15":0,"16":0,"17":0,"18":0,"19":0,"20":0},"f":{"0":0,"1":0,"2":0,"3":0,"4":0,"5":0},"b":{"0":[0,0]}}
,"/Users/vishwajeet.yadav/code/tourism/src/features/home/HomeStyles.ts": {"path":"/Users/vishwajeet.yadav/code/tourism/src/features/home/HomeStyles.ts","statementMap":{},"fnMap":{},"branchMap":{},"s":{},"f":{},"b":{}}
,"/Users/vishwajeet.yadav/code/tourism/src/features/home/HomeView.tsx": {"path":"/Users/vishwajeet.yadav/code/tourism/src/features/home/HomeView.tsx","statementMap":{"0":{"start":{"line":15,"column":17},"end":{"line":127,"column":1}},"1":{"start":{"line":16,"column":18},"end":{"line":16,"column":39}},"2":{"start":{"line":17,"column":19},"end":{"line":17,"column":35}},"3":{"start":{"line":26,"column":6},"end":{"line":26,"column":54}},"4":{"start":{"line":26,"column":43},"end":{"line":26,"column":53}},"5":{"start":{"line":28,"column":2},"end":{"line":34,"column":9}},"6":{"start":{"line":29,"column":4},"end":{"line":29,"column":32}},"7":{"start":{"line":30,"column":4},"end":{"line":30,"column":32}},"8":{"start":{"line":31,"column":4},"end":{"line":33,"column":5}},"9":{"start":{"line":32,"column":6},"end":{"line":32,"column":28}},"10":{"start":{"line":36,"column":23},"end":{"line":43,"column":3}},"11":{"start":{"line":37,"column":4},"end":{"line":42,"column":5}},"12":{"start":{"line":38,"column":22},"end":{"line":38,"column":39}},"13":{"start":{"line":39,"column":36},"end":{"line":39,"column":50}},"14":{"start":{"line":40,"column":24},"end":{"line":40,"column":41}},"15":{"start":{"line":41,"column":15},"end":{"line":41,"column":25}},"16":{"start":{"line":45,"column":21},"end":{"line":58,"column":3}},"17":{"start":{"line":46,"column":29},"end":{"line":49,"column":5}},"18":{"start":{"line":47,"column":24},"end":{"line":47,"column":48}},"19":{"start":{"line":48,"column":6},"end":{"line":48,"column":37}},"20":{"start":{"line":50,"column":4},"end":{"line":57,"column":5}},"21":{"start":{"line":60,"column":29},"end":{"line":76,"column":3}},"22":{"start":{"line":61,"column":4},"end":{"line":70,"column":5}},"23":{"start":{"line":62,"column":6},"end":{"line":69,"column":7}},"24":{"start":{"line":71,"column":4},"end":{"line":75,"column":5}},"25":{"start":{"line":78,"column":26},"end":{"line":80,"column":3}},"26":{"start":{"line":79,"column":4},"end":{"line":79,"column":35}},"27":{"start":{"line":82,"column":2},"end":{"line":126,"column":4}},"28":{"start":{"line":90,"column":41},"end":{"line":90,"column":57}},"29":{"start":{"line":116,"column":10},"end":{"line":118,"column":11}},"30":{"start":{"line":117,"column":82},"end":{"line":117,"column":108}}},"fnMap":{"0":{"name":"(anonymous_0)","decl":{"start":{"line":15,"column":17},"end":{"line":15,"column":18}},"loc":{"start":{"line":15,"column":35},"end":{"line":127,"column":1}},"line":15},"1":{"name":"(anonymous_1)","decl":{"start":{"line":26,"column":21},"end":{"line":26,"column":22}},"loc":{"start":{"line":26,"column":43},"end":{"line":26,"column":53}},"line":26},"2":{"name":"(anonymous_2)","decl":{"start":{"line":28,"column":12},"end":{"line":28,"column":13}},"loc":{"start":{"line":28,"column":18},"end":{"line":34,"column":3}},"line":28},"3":{"name":"(anonymous_3)","decl":{"start":{"line":31,"column":11},"end":{"line":31,"column":12}},"loc":{"start":{"line":31,"column":17},"end":{"line":33,"column":5}},"line":31},"4":{"name":"(anonymous_4)","decl":{"start":{"line":36,"column":23},"end":{"line":36,"column":24}},"loc":{"start":{"line":36,"column":42},"end":{"line":43,"column":3}},"line":36},"5":{"name":"(anonymous_5)","decl":{"start":{"line":45,"column":21},"end":{"line":45,"column":22}},"loc":{"start":{"line":45,"column":33},"end":{"line":58,"column":3}},"line":45},"6":{"name":"(anonymous_6)","decl":{"start":{"line":46,"column":29},"end":{"line":46,"column":30}},"loc":{"start":{"line":46,"column":35},"end":{"line":49,"column":5}},"line":46},"7":{"name":"(anonymous_7)","decl":{"start":{"line":60,"column":29},"end":{"line":60,"column":30}},"loc":{"start":{"line":60,"column":35},"end":{"line":76,"column":3}},"line":60},"8":{"name":"(anonymous_8)","decl":{"start":{"line":78,"column":26},"end":{"line":78,"column":27}},"loc":{"start":{"line":78,"column":36},"end":{"line":80,"column":3}},"line":78},"9":{"name":"(anonymous_9)","decl":{"start":{"line":90,"column":24},"end":{"line":90,"column":25}},"loc":{"start":{"line":90,"column":41},"end":{"line":90,"column":57}},"line":90},"10":{"name":"(anonymous_10)","decl":{"start":{"line":115,"column":24},"end":{"line":115,"column":25}},"loc":{"start":{"line":115,"column":34},"end":{"line":119,"column":9}},"line":115},"11":{"name":"(anonymous_11)","decl":{"start":{"line":117,"column":76},"end":{"line":117,"column":77}},"loc":{"start":{"line":117,"column":82},"end":{"line":117,"column":108}},"line":117},"12":{"name":"(anonymous_12)","decl":{"start":{"line":120,"column":93},"end":{"line":120,"column":94}},"loc":{"start":{"line":120,"column":99},"end":{"line":120,"column":101}},"line":120},"13":{"name":"(anonymous_13)","decl":{"start":{"line":123,"column":59},"end":{"line":123,"column":60}},"loc":{"start":{"line":123,"column":65},"end":{"line":123,"column":67}},"line":123}},"branchMap":{"0":{"loc":{"start":{"line":37,"column":4},"end":{"line":42,"column":5}},"type":"switch","locations":[{"start":{"line":38,"column":6},"end":{"line":38,"column":39}},{"start":{"line":39,"column":6},"end":{"line":39,"column":50}},{"start":{"line":40,"column":6},"end":{"line":40,"column":41}},{"start":{"line":41,"column":6},"end":{"line":41,"column":25}}],"line":37},"1":{"loc":{"start":{"line":61,"column":4},"end":{"line":70,"column":5}},"type":"if","locations":[{"start":{"line":61,"column":4},"end":{"line":70,"column":5}},{"start":{},"end":{}}],"line":61},"2":{"loc":{"start":{"line":66,"column":21},"end":{"line":66,"column":87}},"type":"cond-expr","locations":[{"start":{"line":66,"column":43},"end":{"line":66,"column":65}},{"start":{"line":66,"column":67},"end":{"line":66,"column":87}}],"line":66},"3":{"loc":{"start":{"line":103,"column":9},"end":{"line":114,"column":9}},"type":"cond-expr","locations":[{"start":{"line":104,"column":10},"end":{"line":109,"column":17}},{"start":{"line":110,"column":12},"end":{"line":114,"column":9}}],"line":103},"4":{"loc":{"start":{"line":107,"column":23},"end":{"line":107,"column":89}},"type":"cond-expr","locations":[{"start":{"line":107,"column":45},"end":{"line":107,"column":67}},{"start":{"line":107,"column":69},"end":{"line":107,"column":89}}],"line":107},"5":{"loc":{"start":{"line":110,"column":12},"end":{"line":114,"column":9}},"type":"binary-expr","locations":[{"start":{"line":110,"column":12},"end":{"line":110,"column":35}},{"start":{"line":110,"column":39},"end":{"line":110,"column":56}},{"start":{"line":111,"column":10},"end":{"line":113,"column":17}}],"line":110}},"s":{"0":0,"1":0,"2":0,"3":0,"4":0,"5":0,"6":0,"7":0,"8":0,"9":0,"10":0,"11":0,"12":0,"13":0,"14":0,"15":0,"16":0,"17":0,"18":0,"19":0,"20":0,"21":0,"22":0,"23":0,"24":0,"25":0,"26":0,"27":0,"28":0,"29":0,"30":0},"f":{"0":0,"1":0,"2":0,"3":0,"4":0,"5":0,"6":0,"7":0,"8":0,"9":0,"10":0,"11":0,"12":0,"13":0},"b":{"0":[0,0,0,0],"1":[0,0],"2":[0,0],"3":[0,0],"4":[0,0],"5":[0,0,0]}}
,"/Users/vishwajeet.yadav/code/tourism/src/features/home/module/Home.ts": {"path":"/Users/vishwajeet.yadav/code/tourism/src/features/home/module/Home.ts","statementMap":{"0":{"start":{"line":27,"column":46},"end":{"line":34,"column":1}},"1":{"start":{"line":36,"column":31},"end":{"line":39,"column":2}},"2":{"start":{"line":37,"column":19},"end":{"line":37,"column":50}},"3":{"start":{"line":38,"column":2},"end":{"line":38,"column":24}},"4":{"start":{"line":41,"column":31},"end":{"line":44,"column":2}},"5":{"start":{"line":42,"column":19},"end":{"line":42,"column":50}},"6":{"start":{"line":43,"column":2},"end":{"line":43,"column":24}},"7":{"start":{"line":46,"column":25},"end":{"line":93,"column":2}},"8":{"start":{"line":51,"column":6},"end":{"line":51,"column":28}},"9":{"start":{"line":52,"column":6},"end":{"line":52,"column":38}},"10":{"start":{"line":53,"column":6},"end":{"line":53,"column":40}},"11":{"start":{"line":54,"column":6},"end":{"line":54,"column":28}},"12":{"start":{"line":55,"column":6},"end":{"line":55,"column":38}},"13":{"start":{"line":56,"column":6},"end":{"line":56,"column":40}},"14":{"start":{"line":60,"column":4},"end":{"line":67,"column":6}},"15":{"start":{"line":63,"column":8},"end":{"line":63,"column":42}},"16":{"start":{"line":64,"column":8},"end":{"line":64,"column":40}},"17":{"start":{"line":65,"column":8},"end":{"line":65,"column":42}},"18":{"start":{"line":68,"column":4},"end":{"line":71,"column":7}},"19":{"start":{"line":69,"column":6},"end":{"line":69,"column":37}},"20":{"start":{"line":70,"column":6},"end":{"line":70,"column":40}},"21":{"start":{"line":72,"column":4},"end":{"line":75,"column":7}},"22":{"start":{"line":73,"column":6},"end":{"line":73,"column":38}},"23":{"start":{"line":74,"column":6},"end":{"line":74,"column":39}},"24":{"start":{"line":76,"column":4},"end":{"line":83,"column":6}},"25":{"start":{"line":79,"column":8},"end":{"line":79,"column":42}},"26":{"start":{"line":80,"column":8},"end":{"line":80,"column":40}},"27":{"start":{"line":81,"column":8},"end":{"line":81,"column":42}},"28":{"start":{"line":84,"column":4},"end":{"line":87,"column":7}},"29":{"start":{"line":85,"column":6},"end":{"line":85,"column":37}},"30":{"start":{"line":86,"column":6},"end":{"line":86,"column":40}},"31":{"start":{"line":88,"column":4},"end":{"line":91,"column":7}},"32":{"start":{"line":89,"column":6},"end":{"line":89,"column":38}},"33":{"start":{"line":90,"column":6},"end":{"line":90,"column":39}},"34":{"start":{"line":95,"column":27},"end":{"line":95,"column":44}}},"fnMap":{"0":{"name":"(anonymous_0)","decl":{"start":{"line":36,"column":67},"end":{"line":36,"column":68}},"loc":{"start":{"line":36,"column":79},"end":{"line":39,"column":1}},"line":36},"1":{"name":"(anonymous_1)","decl":{"start":{"line":41,"column":67},"end":{"line":41,"column":68}},"loc":{"start":{"line":41,"column":79},"end":{"line":44,"column":1}},"line":41},"2":{"name":"(anonymous_2)","decl":{"start":{"line":50,"column":15},"end":{"line":50,"column":16}},"loc":{"start":{"line":50,"column":44},"end":{"line":57,"column":5}},"line":50},"3":{"name":"(anonymous_3)","decl":{"start":{"line":59,"column":17},"end":{"line":59,"column":18}},"loc":{"start":{"line":59,"column":28},"end":{"line":92,"column":3}},"line":59},"4":{"name":"(anonymous_4)","decl":{"start":{"line":62,"column":6},"end":{"line":62,"column":7}},"loc":{"start":{"line":62,"column":76},"end":{"line":66,"column":7}},"line":62},"5":{"name":"(anonymous_5)","decl":{"start":{"line":68,"column":45},"end":{"line":68,"column":46}},"loc":{"start":{"line":68,"column":74},"end":{"line":71,"column":5}},"line":68},"6":{"name":"(anonymous_6)","decl":{"start":{"line":72,"column":46},"end":{"line":72,"column":47}},"loc":{"start":{"line":72,"column":75},"end":{"line":75,"column":5}},"line":72},"7":{"name":"(anonymous_7)","decl":{"start":{"line":78,"column":6},"end":{"line":78,"column":7}},"loc":{"start":{"line":78,"column":75},"end":{"line":82,"column":7}},"line":78},"8":{"name":"(anonymous_8)","decl":{"start":{"line":84,"column":45},"end":{"line":84,"column":46}},"loc":{"start":{"line":84,"column":74},"end":{"line":87,"column":5}},"line":84},"9":{"name":"(anonymous_9)","decl":{"start":{"line":88,"column":46},"end":{"line":88,"column":47}},"loc":{"start":{"line":88,"column":75},"end":{"line":91,"column":5}},"line":88}},"branchMap":{},"s":{"0":1,"1":1,"2":1,"3":1,"4":1,"5":1,"6":1,"7":1,"8":1,"9":1,"10":1,"11":1,"12":1,"13":1,"14":1,"15":2,"16":2,"17":2,"18":1,"19":2,"20":2,"21":1,"22":1,"23":1,"24":1,"25":2,"26":2,"27":2,"28":1,"29":2,"30":2,"31":1,"32":1,"33":1,"34":1},"f":{"0":1,"1":1,"2":1,"3":1,"4":2,"5":2,"6":1,"7":2,"8":2,"9":1},"b":{},"_coverageSchema":"1a1c01bbd47fc00a2c39e90264f33305004495a9","hash":"35f2578524219d62e1e85b0c3efd028f2b397a6d"}
,"/Users/vishwajeet.yadav/code/tourism/src/navigation/header/Header.tsx": {"path":"/Users/vishwajeet.yadav/code/tourism/src/navigation/header/Header.tsx","statementMap":{"0":{"start":{"line":5,"column":15},"end":{"line":12,"column":2}},"1":{"start":{"line":15,"column":2},"end":{"line":21,"column":4}}},"fnMap":{"0":{"name":"LogoHeader","decl":{"start":{"line":14,"column":9},"end":{"line":14,"column":19}},"loc":{"start":{"line":14,"column":22},"end":{"line":22,"column":1}},"line":14}},"branchMap":{},"s":{"0":0,"1":0},"f":{"0":0},"b":{}}
,"/Users/vishwajeet.yadav/code/tourism/src/navigation/tabBar/TabBar.tsx": {"path":"/Users/vishwajeet.yadav/code/tourism/src/navigation/tabBar/TabBar.tsx","statementMap":{"0":{"start":{"line":8,"column":15},"end":{"line":21,"column":2}},"1":{"start":{"line":23,"column":15},"end":{"line":84,"column":1}},"2":{"start":{"line":24,"column":2},"end":{"line":83,"column":4}},"3":{"start":{"line":27,"column":26},"end":{"line":27,"column":48}},"4":{"start":{"line":29,"column":10},"end":{"line":33,"column":24}},"5":{"start":{"line":35,"column":26},"end":{"line":35,"column":47}},"6":{"start":{"line":37,"column":24},"end":{"line":47,"column":9}},"7":{"start":{"line":38,"column":24},"end":{"line":42,"column":12}},"8":{"start":{"line":44,"column":10},"end":{"line":46,"column":11}},"9":{"start":{"line":45,"column":12},"end":{"line":45,"column":58}},"10":{"start":{"line":49,"column":28},"end":{"line":54,"column":9}},"11":{"start":{"line":50,"column":10},"end":{"line":53,"column":13}},"12":{"start":{"line":56,"column":26},"end":{"line":56,"column":59}},"13":{"start":{"line":58,"column":8},"end":{"line":80,"column":10}}},"fnMap":{"0":{"name":"(anonymous_0)","decl":{"start":{"line":23,"column":15},"end":{"line":23,"column":16}},"loc":{"start":{"line":23,"column":53},"end":{"line":84,"column":1}},"line":23},"1":{"name":"(anonymous_1)","decl":{"start":{"line":26,"column":24},"end":{"line":26,"column":25}},"loc":{"start":{"line":26,"column":42},"end":{"line":81,"column":7}},"line":26},"2":{"name":"(anonymous_2)","decl":{"start":{"line":37,"column":24},"end":{"line":37,"column":25}},"loc":{"start":{"line":37,"column":30},"end":{"line":47,"column":9}},"line":37},"3":{"name":"(anonymous_3)","decl":{"start":{"line":49,"column":28},"end":{"line":49,"column":29}},"loc":{"start":{"line":49,"column":34},"end":{"line":54,"column":9}},"line":49}},"branchMap":{"0":{"loc":{"start":{"line":29,"column":10},"end":{"line":33,"column":24}},"type":"cond-expr","locations":[{"start":{"line":30,"column":14},"end":{"line":30,"column":33}},{"start":{"line":31,"column":14},"end":{"line":33,"column":24}}],"line":29},"1":{"loc":{"start":{"line":31,"column":14},"end":{"line":33,"column":24}},"type":"cond-expr","locations":[{"start":{"line":32,"column":14},"end":{"line":32,"column":27}},{"start":{"line":33,"column":14},"end":{"line":33,"column":24}}],"line":31},"2":{"loc":{"start":{"line":44,"column":10},"end":{"line":46,"column":11}},"type":"if","locations":[{"start":{"line":44,"column":10},"end":{"line":46,"column":11}},{"start":{},"end":{}}],"line":44},"3":{"loc":{"start":{"line":44,"column":14},"end":{"line":44,"column":51}},"type":"binary-expr","locations":[{"start":{"line":44,"column":14},"end":{"line":44,"column":24}},{"start":{"line":44,"column":28},"end":{"line":44,"column":51}}],"line":44},"4":{"loc":{"start":{"line":56,"column":26},"end":{"line":56,"column":59}},"type":"cond-expr","locations":[{"start":{"line":56,"column":38},"end":{"line":56,"column":47}},{"start":{"line":56,"column":50},"end":{"line":56,"column":59}}],"line":56},"5":{"loc":{"start":{"line":61,"column":32},"end":{"line":61,"column":65}},"type":"cond-expr","locations":[{"start":{"line":61,"column":44},"end":{"line":61,"column":60}},{"start":{"line":61,"column":63},"end":{"line":61,"column":65}}],"line":61}},"s":{"0":0,"1":0,"2":0,"3":0,"4":0,"5":0,"6":0,"7":0,"8":0,"9":0,"10":0,"11":0,"12":0,"13":0},"f":{"0":0,"1":0,"2":0,"3":0},"b":{"0":[0,0],"1":[0,0],"2":[0,0],"3":[0,0],"4":[0,0],"5":[0,0]}}
}
